<?xml version="1.0" encoding="utf-8"?>
<CoverageSession xmlns:xsd="http://www.w3.org/2001/XMLSchema" xmlns:xsi="http://www.w3.org/2001/XMLSchema-instance">
  <Summary numSequencePoints="9" visitedSequencePoints="9" numBranchPoints="2" visitedBranchPoints="2" sequenceCoverage="100" branchCoverage="100" maxCyclomaticComplexity="1" minCyclomaticComplexity="1" visitedClasses="1" numClasses="1" visitedMethods="2" numMethods="2" />
  <Modules>
    <Module skippedDueTo="Filter" hash="00-F3-05-6F-08-92-B6-6B-3E-5F-7D-EC-0B-D4-5C-AA-27-07-BD-32">
      <ModulePath>C:\WINDOWS\Microsoft.Net\assembly\GAC_64\mscorlib\v4.0_4.0.0.0__b77a5c561934e089\mscorlib.dll</ModulePath>
      <ModuleTime>2017-09-21T01:37:46.2523965Z</ModuleTime>
      <ModuleName>mscorlib</ModuleName>
      <Classes />
    </Module>
    <Module skippedDueTo="MissingPdb" hash="73-2C-23-38-69-24-C6-47-B0-15-58-8D-B3-63-F3-64-AC-79-40-D5">
      <ModulePath>C:\Users\tom\OneDrive\Documents\Visual Studio 2017\Projects\contabs\packages\NUnit.ConsoleRunner.3.7.0\tools\nunit3-console.exe</ModulePath>
      <ModuleTime>2017-07-13T19:33:20Z</ModuleTime>
      <ModuleName>nunit3-console</ModuleName>
      <Classes />
    </Module>
    <Module skippedDueTo="Filter" hash="C8-98-52-CA-D9-96-CD-B5-71-37-87-EA-05-74-30-8B-36-C3-4A-5C">
      <ModulePath>C:\WINDOWS\Microsoft.Net\assembly\GAC_MSIL\System\v4.0_4.0.0.0__b77a5c561934e089\System.dll</ModulePath>
      <ModuleTime>2017-09-02T01:45:23.8311991Z</ModuleTime>
      <ModuleName>System</ModuleName>
      <Classes />
    </Module>
    <Module skippedDueTo="MissingPdb" hash="4D-3A-F8-21-37-BF-6C-40-07-B1-F2-B3-C1-40-95-02-8B-29-D6-BF">
      <ModulePath>C:\Users\tom\OneDrive\Documents\Visual Studio 2017\Projects\contabs\packages\NUnit.ConsoleRunner.3.7.0\tools\nunit.engine.api.dll</ModulePath>
      <ModuleTime>2017-07-13T19:33:20Z</ModuleTime>
      <ModuleName>nunit.engine.api</ModuleName>
      <Classes />
    </Module>
    <Module skippedDueTo="MissingPdb" hash="78-8A-37-55-1D-1C-A6-13-69-DB-A2-FA-8C-58-E6-62-DB-70-B5-E7">
      <ModulePath>C:\Users\tom\OneDrive\Documents\Visual Studio 2017\Projects\contabs\packages\NUnit.ConsoleRunner.3.7.0\tools\nunit.engine.dll</ModulePath>
      <ModuleTime>2017-07-13T19:33:20Z</ModuleTime>
      <ModuleName>nunit.engine</ModuleName>
      <Classes />
    </Module>
    <Module skippedDueTo="MissingPdb" hash="78-8A-37-55-1D-1C-A6-13-69-DB-A2-FA-8C-58-E6-62-DB-70-B5-E7">
      <ModulePath>C:\Users\tom\OneDrive\Documents\Visual Studio 2017\Projects\contabs\packages\NUnit.ConsoleRunner.3.7.0\tools\nunit.engine.dll</ModulePath>
      <ModuleTime>2017-07-13T19:33:20Z</ModuleTime>
      <ModuleName>nunit.engine</ModuleName>
      <Classes />
    </Module>
    <Module skippedDueTo="Filter" hash="21-E4-90-B5-42-20-26-BA-49-19-94-C3-CA-93-44-7B-60-08-D7-1C">
      <ModulePath>C:\WINDOWS\Microsoft.Net\assembly\GAC_MSIL\System.Xml\v4.0_4.0.0.0__b77a5c561934e089\System.Xml.dll</ModulePath>
      <ModuleTime>2017-07-28T01:29:28.9125785Z</ModuleTime>
      <ModuleName>System.Xml</ModuleName>
      <Classes />
    </Module>
    <Module skippedDueTo="Filter" hash="69-65-AC-4C-D5-D8-58-B7-24-B0-69-AA-85-44-D3-3C-5B-54-D3-FC">
      <ModulePath>C:\WINDOWS\Microsoft.Net\assembly\GAC_64\System.Web\v4.0_4.0.0.0__b03f5f7f11d50a3a\System.Web.dll</ModulePath>
      <ModuleTime>2017-09-01T05:56:21.7438952Z</ModuleTime>
      <ModuleName>System.Web</ModuleName>
      <Classes />
    </Module>
    <Module skippedDueTo="MissingPdb" hash="8A-2E-8F-D6-9D-39-02-4A-2F-30-FC-06-42-F7-0F-A8-32-69-07-72">
      <ModulePath>C:\Users\tom\OneDrive\Documents\Visual Studio 2017\Projects\contabs\packages\NUnit.ConsoleRunner.3.7.0\tools\Mono.Cecil.dll</ModulePath>
      <ModuleTime>2017-07-13T19:33:20Z</ModuleTime>
      <ModuleName>Mono.Cecil</ModuleName>
      <Classes />
    </Module>
    <Module skippedDueTo="Filter" hash="29-58-E1-EB-D3-F6-52-F3-E3-5D-C7-92-48-68-FA-2A-6C-78-BA-3B">
      <ModulePath>C:\WINDOWS\Microsoft.Net\assembly\GAC_MSIL\System.Runtime.Remoting\v4.0_4.0.0.0__b77a5c561934e089\System.Runtime.Remoting.dll</ModulePath>
      <ModuleTime>2017-09-05T01:21:18.3472968Z</ModuleTime>
      <ModuleName>System.Runtime.Remoting</ModuleName>
      <Classes />
    </Module>
    <Module skippedDueTo="Filter" hash="0C-91-60-C5-26-07-2E-2E-54-A1-8A-32-86-67-C5-B4-A5-93-05-F9">
      <ModulePath>C:\WINDOWS\Microsoft.Net\assembly\GAC_MSIL\System.Configuration\v4.0_4.0.0.0__b03f5f7f11d50a3a\System.Configuration.dll</ModulePath>
      <ModuleTime>2017-03-18T20:59:43.7281312Z</ModuleTime>
      <ModuleName>System.Configuration</ModuleName>
      <Classes />
    </Module>
    <Module skippedDueTo="Filter" hash="00-F3-05-6F-08-92-B6-6B-3E-5F-7D-EC-0B-D4-5C-AA-27-07-BD-32">
      <ModulePath>C:\WINDOWS\Microsoft.Net\assembly\GAC_64\mscorlib\v4.0_4.0.0.0__b77a5c561934e089\mscorlib.dll</ModulePath>
      <ModuleTime>2017-09-21T01:37:46.2523965Z</ModuleTime>
      <ModuleName>mscorlib</ModuleName>
      <Classes />
    </Module>
    <Module skippedDueTo="MissingPdb" hash="F5-B4-D0-7A-07-D3-FB-8D-44-18-EB-94-5A-2A-C5-32-D7-96-48-25">
      <ModulePath>C:\Users\tom\OneDrive\Documents\Visual Studio 2017\Projects\contabs\packages\NUnit.ConsoleRunner.3.7.0\tools\nunit-agent.exe</ModulePath>
      <ModuleTime>2017-07-13T19:33:20Z</ModuleTime>
      <ModuleName>nunit-agent</ModuleName>
      <Classes />
    </Module>
    <Module skippedDueTo="MissingPdb" hash="78-8A-37-55-1D-1C-A6-13-69-DB-A2-FA-8C-58-E6-62-DB-70-B5-E7">
      <ModulePath>C:\Users\tom\OneDrive\Documents\Visual Studio 2017\Projects\contabs\packages\NUnit.ConsoleRunner.3.7.0\tools\nunit.engine.dll</ModulePath>
      <ModuleTime>2017-07-13T19:33:20Z</ModuleTime>
      <ModuleName>nunit.engine</ModuleName>
      <Classes />
    </Module>
    <Module skippedDueTo="MissingPdb" hash="4D-3A-F8-21-37-BF-6C-40-07-B1-F2-B3-C1-40-95-02-8B-29-D6-BF">
      <ModulePath>C:\Users\tom\OneDrive\Documents\Visual Studio 2017\Projects\contabs\packages\NUnit.ConsoleRunner.3.7.0\tools\nunit.engine.api.dll</ModulePath>
      <ModuleTime>2017-07-13T19:33:20Z</ModuleTime>
      <ModuleName>nunit.engine.api</ModuleName>
      <Classes />
    </Module>
    <Module skippedDueTo="Filter" hash="C8-98-52-CA-D9-96-CD-B5-71-37-87-EA-05-74-30-8B-36-C3-4A-5C">
      <ModulePath>C:\WINDOWS\Microsoft.Net\assembly\GAC_MSIL\System\v4.0_4.0.0.0__b77a5c561934e089\System.dll</ModulePath>
      <ModuleTime>2017-09-02T01:45:23.8311991Z</ModuleTime>
      <ModuleName>System</ModuleName>
      <Classes />
    </Module>
    <Module skippedDueTo="Filter" hash="21-E4-90-B5-42-20-26-BA-49-19-94-C3-CA-93-44-7B-60-08-D7-1C">
      <ModulePath>C:\WINDOWS\Microsoft.Net\assembly\GAC_MSIL\System.Xml\v4.0_4.0.0.0__b77a5c561934e089\System.Xml.dll</ModulePath>
      <ModuleTime>2017-07-28T01:29:28.9125785Z</ModuleTime>
      <ModuleName>System.Xml</ModuleName>
      <Classes />
    </Module>
    <Module skippedDueTo="Filter" hash="69-65-AC-4C-D5-D8-58-B7-24-B0-69-AA-85-44-D3-3C-5B-54-D3-FC">
      <ModulePath>C:\WINDOWS\Microsoft.Net\assembly\GAC_64\System.Web\v4.0_4.0.0.0__b03f5f7f11d50a3a\System.Web.dll</ModulePath>
      <ModuleTime>2017-09-01T05:56:21.7438952Z</ModuleTime>
      <ModuleName>System.Web</ModuleName>
      <Classes />
    </Module>
    <Module skippedDueTo="MissingPdb" hash="8A-2E-8F-D6-9D-39-02-4A-2F-30-FC-06-42-F7-0F-A8-32-69-07-72">
      <ModulePath>C:\Users\tom\OneDrive\Documents\Visual Studio 2017\Projects\contabs\packages\NUnit.ConsoleRunner.3.7.0\tools\Mono.Cecil.dll</ModulePath>
      <ModuleTime>2017-07-13T19:33:20Z</ModuleTime>
      <ModuleName>Mono.Cecil</ModuleName>
      <Classes />
    </Module>
    <Module skippedDueTo="Filter" hash="29-58-E1-EB-D3-F6-52-F3-E3-5D-C7-92-48-68-FA-2A-6C-78-BA-3B">
      <ModulePath>C:\WINDOWS\Microsoft.Net\assembly\GAC_MSIL\System.Runtime.Remoting\v4.0_4.0.0.0__b77a5c561934e089\System.Runtime.Remoting.dll</ModulePath>
      <ModuleTime>2017-09-05T01:21:18.3472968Z</ModuleTime>
      <ModuleName>System.Runtime.Remoting</ModuleName>
      <Classes />
    </Module>
    <Module skippedDueTo="Filter" hash="0C-91-60-C5-26-07-2E-2E-54-A1-8A-32-86-67-C5-B4-A5-93-05-F9">
      <ModulePath>C:\WINDOWS\Microsoft.Net\assembly\GAC_MSIL\System.Configuration\v4.0_4.0.0.0__b03f5f7f11d50a3a\System.Configuration.dll</ModulePath>
      <ModuleTime>2017-03-18T20:59:43.7281312Z</ModuleTime>
      <ModuleName>System.Configuration</ModuleName>
      <Classes />
    </Module>
    <Module skippedDueTo="MissingPdb" hash="46-8F-73-28-B5-95-50-DA-6E-FF-25-AE-F6-51-AB-FE-4C-9F-AE-E2">
      <ModulePath>C:\Users\tom\OneDrive\Documents\Visual Studio 2017\Projects\contabs\ConTabs.Tests\bin\debug\nunit.framework.dll</ModulePath>
      <ModuleTime>2017-08-28T20:09:36Z</ModuleTime>
      <ModuleName>nunit.framework</ModuleName>
      <Classes />
    </Module>
    <Module skippedDueTo="Filter" hash="C8-98-52-CA-D9-96-CD-B5-71-37-87-EA-05-74-30-8B-36-C3-4A-5C">
      <ModulePath>C:\WINDOWS\Microsoft.Net\assembly\GAC_MSIL\System\v4.0_4.0.0.0__b77a5c561934e089\System.dll</ModulePath>
      <ModuleTime>2017-09-02T01:45:23.8311991Z</ModuleTime>
      <ModuleName>System</ModuleName>
      <Classes />
    </Module>
    <Module skippedDueTo="Filter" hash="91-8D-5D-09-8B-46-72-DE-47-F9-9A-32-47-9C-CD-E7-EF-B9-AA-60">
      <ModulePath>C:\WINDOWS\Microsoft.Net\assembly\GAC_MSIL\System.Core\v4.0_4.0.0.0__b77a5c561934e089\System.Core.dll</ModulePath>
      <ModuleTime>2017-09-27T01:42:36.3408136Z</ModuleTime>
      <ModuleName>System.Core</ModuleName>
      <Classes />
    </Module>
    <Module skippedDueTo="MissingPdb" hash="78-8A-37-55-1D-1C-A6-13-69-DB-A2-FA-8C-58-E6-62-DB-70-B5-E7">
      <ModulePath>C:\Users\tom\OneDrive\Documents\Visual Studio 2017\Projects\contabs\ConTabs.Tests\bin\debug\nunit.engine.dll</ModulePath>
      <ModuleTime>2017-07-19T12:08:38Z</ModuleTime>
      <ModuleName>nunit.engine</ModuleName>
      <Classes />
    </Module>
    <Module skippedDueTo="Filter" hash="69-65-AC-4C-D5-D8-58-B7-24-B0-69-AA-85-44-D3-3C-5B-54-D3-FC">
      <ModulePath>C:\WINDOWS\Microsoft.Net\assembly\GAC_64\System.Web\v4.0_4.0.0.0__b03f5f7f11d50a3a\System.Web.dll</ModulePath>
      <ModuleTime>2017-09-01T05:56:21.7438952Z</ModuleTime>
      <ModuleName>System.Web</ModuleName>
      <Classes />
    </Module>
    <Module hash="48-6B-EB-C1-0F-34-BB-31-D8-12-2F-3F-A8-52-55-0D-35-CE-BC-12">
      <Summary numSequencePoints="9" visitedSequencePoints="9" numBranchPoints="2" visitedBranchPoints="2" sequenceCoverage="100" branchCoverage="100" maxCyclomaticComplexity="1" minCyclomaticComplexity="1" visitedClasses="1" numClasses="1" visitedMethods="2" numMethods="2" />
      <ModulePath>C:\Users\tom\OneDrive\Documents\Visual Studio 2017\Projects\contabs\ConTabs.Tests\bin\debug\ConTabs.Tests.dll</ModulePath>
      <ModuleTime>2017-10-29T20:15:36.7231748Z</ModuleTime>
      <ModuleName>ConTabs.Tests</ModuleName>
      <Files>
        <File uid="1" fullPath="C:\Users\tom\OneDrive\Documents\Visual Studio 2017\Projects\contabs\ConTabs.Tests\Table-Basic.cs" />
      </Files>
      <Classes>
        <Class>
          <Summary numSequencePoints="0" visitedSequencePoints="0" numBranchPoints="0" visitedBranchPoints="0" sequenceCoverage="0" branchCoverage="0" maxCyclomaticComplexity="0" minCyclomaticComplexity="0" visitedClasses="0" numClasses="0" visitedMethods="0" numMethods="0" />
          <FullName>&lt;Module&gt;</FullName>
          <Methods />
        </Class>
        <Class>
          <Summary numSequencePoints="9" visitedSequencePoints="9" numBranchPoints="2" visitedBranchPoints="2" sequenceCoverage="100" branchCoverage="100" maxCyclomaticComplexity="1" minCyclomaticComplexity="1" visitedClasses="1" numClasses="1" visitedMethods="2" numMethods="2" />
          <FullName>ConTabs.Tests.ConTab_Table_BasicTests</FullName>
          <Methods>
            <Method visited="true" cyclomaticComplexity="1" nPathComplexity="0" sequenceCoverage="100" branchCoverage="100" isConstructor="false" isStatic="false" isGetter="false" isSetter="false">
              <Summary numSequencePoints="4" visitedSequencePoints="4" numBranchPoints="1" visitedBranchPoints="1" sequenceCoverage="100" branchCoverage="100" maxCyclomaticComplexity="1" minCyclomaticComplexity="1" visitedClasses="0" numClasses="0" visitedMethods="1" numMethods="1" />
              <MetadataToken>100663297</MetadataToken>
              <Name>System.Void ConTabs.Tests.ConTab_Table_BasicTests::TableObjectCanBeConstructedWithoutData()</Name>
              <FileRef uid="1" />
              <SequencePoints>
                <SequencePoint vc="1" uspid="1" ordinal="0" offset="0" sl="12" sc="9" el="12" ec="10" bec="0" bev="0" fileid="1" />
                <SequencePoint vc="1" uspid="2" ordinal="1" offset="1" sl="14" sc="13" el="14" ec="48" bec="0" bev="0" fileid="1" />
                <SequencePoint vc="1" uspid="3" ordinal="2" offset="7" sl="17" sc="13" el="17" ec="60" bec="0" bev="0" fileid="1" />
                <SequencePoint vc="1" uspid="4" ordinal="3" offset="25" sl="18" sc="9" el="18" ec="10" bec="0" bev="0" fileid="1" />
              </SequencePoints>
              <BranchPoints />
              <MethodPoint xsi:type="SequencePoint" vc="1" uspid="1" ordinal="0" offset="0" sl="12" sc="9" el="12" ec="10" bec="0" bev="0" fileid="1" />
            </Method>
            <Method visited="true" cyclomaticComplexity="1" nPathComplexity="0" sequenceCoverage="100" branchCoverage="100" isConstructor="false" isStatic="false" isGetter="false" isSetter="false">
              <Summary numSequencePoints="5" visitedSequencePoints="5" numBranchPoints="1" visitedBranchPoints="1" sequenceCoverage="100" branchCoverage="100" maxCyclomaticComplexity="1" minCyclomaticComplexity="1" visitedClasses="0" numClasses="0" visitedMethods="1" numMethods="1" />
              <MetadataToken>100663298</MetadataToken>
              <Name>System.Void ConTabs.Tests.ConTab_Table_BasicTests::TableObjectCanBeConstructedWithData()</Name>
              <FileRef uid="1" />
              <SequencePoints>
                <SequencePoint vc="1" uspid="5" ordinal="0" offset="0" sl="22" sc="9" el="22" ec="10" bec="0" bev="0" fileid="1" />
                <SequencePoint vc="1" uspid="6" ordinal="1" offset="1" sl="24" sc="13" el="24" ec="52" bec="0" bev="0" fileid="1" />
                <SequencePoint vc="1" uspid="7" ordinal="2" offset="7" sl="27" sc="13" el="27" ec="61" bec="0" bev="0" fileid="1" />
                <SequencePoint vc="1" uspid="8" ordinal="3" offset="14" sl="30" sc="13" el="30" ec="60" bec="0" bev="0" fileid="1" />
                <SequencePoint vc="1" uspid="9" ordinal="4" offset="32" sl="31" sc="9" el="31" ec="10" bec="0" bev="0" fileid="1" />
              </SequencePoints>
              <BranchPoints />
              <MethodPoint xsi:type="SequencePoint" vc="1" uspid="5" ordinal="0" offset="0" sl="22" sc="9" el="22" ec="10" bec="0" bev="0" fileid="1" />
            </Method>
            <Method visited="true" cyclomaticComplexity="1" nPathComplexity="0" sequenceCoverage="0" branchCoverage="0" isConstructor="true" isStatic="false" isGetter="false" isSetter="false">
              <Summary numSequencePoints="0" visitedSequencePoints="0" numBranchPoints="0" visitedBranchPoints="0" sequenceCoverage="0" branchCoverage="0" maxCyclomaticComplexity="1" minCyclomaticComplexity="1" visitedClasses="0" numClasses="0" visitedMethods="0" numMethods="0" />
              <MetadataToken>100663299</MetadataToken>
              <Name>System.Void ConTabs.Tests.ConTab_Table_BasicTests::.ctor()</Name>
              <SequencePoints />
              <BranchPoints />
              <MethodPoint vc="1" uspid="10" ordinal="0" offset="0" />
            </Method>
          </Methods>
        </Class>
      </Classes>
    </Module>
    <Module skippedDueTo="Filter" hash="21-E4-90-B5-42-20-26-BA-49-19-94-C3-CA-93-44-7B-60-08-D7-1C">
      <ModulePath>C:\WINDOWS\Microsoft.Net\assembly\GAC_MSIL\System.Xml\v4.0_4.0.0.0__b77a5c561934e089\System.Xml.dll</ModulePath>
      <ModuleTime>2017-07-28T01:29:28.9125785Z</ModuleTime>
      <ModuleName>System.Xml</ModuleName>
      <Classes />
    </Module>
    <Module skippedDueTo="MissingPdb" hash="D3-56-3E-90-0B-E7-51-36-91-41-E7-96-FF-7B-98-B5-CE-FB-2F-23">
      <ModulePath>C:\Users\tom\OneDrive\Documents\Visual Studio 2017\Projects\contabs\ConTabs.Tests\bin\debug\ConTabs.dll</ModulePath>
      <ModuleTime>2017-10-29T20:14:06.8750176Z</ModuleTime>
      <ModuleName>ConTabs</ModuleName>
      <Classes />
    </Module>
    <Module skippedDueTo="Filter" hash="63-02-4A-CB-0D-89-B1-A5-EB-F8-7B-AB-52-77-A5-45-B8-9D-6B-8F">
      <ModulePath>C:\WINDOWS\Microsoft.Net\assembly\GAC_MSIL\System.Runtime\v4.0_4.0.0.0__b03f5f7f11d50a3a\System.Runtime.dll</ModulePath>
      <ModuleTime>2017-03-18T20:59:43.9469001Z</ModuleTime>
      <ModuleName>System.Runtime</ModuleName>
      <Classes />
    </Module>
    <Module skippedDueTo="MissingPdb" hash="A2-EF-99-29-27-F3-3D-B6-99-16-2E-41-26-9B-DF-F2-54-8D-BA-81">
      <ModulePath>C:\Users\tom\OneDrive\Documents\Visual Studio 2017\Projects\contabs\ConTabs.Tests\bin\debug\Shouldly.dll</ModulePath>
      <ModuleTime>2017-04-07T08:51:56Z</ModuleTime>
      <ModuleName>Shouldly</ModuleName>
      <Classes />
    </Module>
  </Modules>
</CoverageSession>